0 info it worked if it ends with ok
1 verbose cli [ '/opt/nodes/4.0.0/bin/node',
1 verbose cli   '/opt/boxen/nodenv/versions/4.0.0/bin/npm',
1 verbose cli   'start' ]
2 info using npm@2.14.2
3 info using node@v4.0.0
4 verbose run-script [ 'prestart', 'start', 'poststart' ]
5 info prestart fabricator@1.1.2
6 verbose unsafe-perm in lifecycle true
7 info start fabricator@1.1.2
8 verbose unsafe-perm in lifecycle true
9 info fabricator@1.1.2 Failed to exec start script
10 verbose stack Error: fabricator@1.1.2 start: `gulp --dev`
10 verbose stack Exit status 1
10 verbose stack     at EventEmitter.<anonymous> (/opt/nodes/4.0.0/lib/node_modules/npm/lib/utils/lifecycle.js:214:16)
10 verbose stack     at emitTwo (events.js:87:13)
10 verbose stack     at EventEmitter.emit (events.js:172:7)
10 verbose stack     at ChildProcess.<anonymous> (/opt/nodes/4.0.0/lib/node_modules/npm/lib/utils/spawn.js:24:14)
10 verbose stack     at emitTwo (events.js:87:13)
10 verbose stack     at ChildProcess.emit (events.js:172:7)
10 verbose stack     at maybeClose (internal/child_process.js:817:16)
10 verbose stack     at Process.ChildProcess._handle.onexit (internal/child_process.js:211:5)
11 verbose pkgid fabricator@1.1.2
12 verbose cwd /Users/nicolemors/src/cloudfour.com-patterns
13 error Darwin 15.4.0
14 error argv "/opt/nodes/4.0.0/bin/node" "/opt/boxen/nodenv/versions/4.0.0/bin/npm" "start"
15 error node v4.0.0
16 error npm  v2.14.2
17 error code ELIFECYCLE
18 error fabricator@1.1.2 start: `gulp --dev`
18 error Exit status 1
19 error Failed at the fabricator@1.1.2 start script 'gulp --dev'.
19 error This is most likely a problem with the fabricator package,
19 error not with npm itself.
19 error Tell the author that this fails on your system:
19 error     gulp --dev
19 error You can get their info via:
19 error     npm owner ls fabricator
19 error There is likely additional logging output above.
20 verbose exit [ 1, true ]
